<?xml version="1.0" encoding="UTF-8"?>
<!-- Generated by org.testng.reporters.JUnitReportReporter -->
<testsuite skipped="0" hostname="Admin-PC" name="tests.TC002_CreateLead" tests="4" failures="0" timestamp="25 Oct 2017 06:53:35 GMT" time="195.662" errors="0">
  <testcase name="createLeadfun" time="47.974" classname="tests.TC002_CreateLead"/>
  <testcase name="createLeadfun" time="63.573" classname="tests.TC002_CreateLead"/>
  <testcase name="createLeadfun" time="35.376" classname="tests.TC002_CreateLead"/>
  <testcase name="createLeadfun" time="48.739" classname="tests.TC002_CreateLead"/>
</testsuite> <!-- tests.TC002_CreateLead -->
