<?xml version="1.0" encoding="UTF-8"?>
<!-- Generated by org.testng.reporters.JUnitReportReporter -->
<testsuite skipped="0" hostname="Admin-PC" name="tests.TC003_FindLead" tests="1" failures="0" timestamp="25 Oct 2017 06:53:35 GMT" time="28.023" errors="0">
  <testcase name="findLeadfun" time="28.023" classname="tests.TC003_FindLead"/>
</testsuite> <!-- tests.TC003_FindLead -->
