<?xml version="1.0" encoding="UTF-8"?>
<!-- Generated by org.testng.reporters.JUnitReportReporter -->
<testsuite skipped="0" hostname="Admin-PC" name="tests.TC001_LeafTapLogin" tests="1" failures="0" timestamp="25 Oct 2017 06:53:35 GMT" time="100.426" errors="0">
  <testcase name="loginfun" time="100.426" classname="tests.TC001_LeafTapLogin"/>
</testsuite> <!-- tests.TC001_LeafTapLogin -->
