<?xml version="1.0" encoding="UTF-8"?>
<!-- Generated by org.testng.reporters.JUnitReportReporter -->
<testsuite skipped="0" hostname="Admin-PC" name="grid.CrystalCruises" tests="1" failures="0" timestamp="21 Oct 2017 10:34:30 GMT" time="15.718" errors="0">
  <testcase name="crystalCruises" time="15.718" classname="grid.CrystalCruises"/>
</testsuite> <!-- grid.CrystalCruises -->
