<?xml version="1.0" encoding="UTF-8"?>
<!-- Generated by org.testng.reporters.JUnitReportReporter -->
<testsuite skipped="0" hostname="Admin-PC" name="tests.CreateLead" tests="1" failures="0" timestamp="11 Oct 2017 07:08:29 GMT" time="54.448" errors="0">
  <testcase name="createLead" time="54.448" classname="tests.CreateLead"/>
</testsuite> <!-- tests.CreateLead -->
