<?xml version="1.0" encoding="UTF-8"?>
<!-- Generated by org.testng.reporters.JUnitReportReporter -->
<testsuite skipped="0" hostname="Admin-PC" name="withExceldata.EditLead" tests="2" failures="0" timestamp="10 Oct 2017 16:03:30 GMT" time="62.530" errors="0">
  <testcase name="editLeadGetDataFromExcel" time="31.399" classname="withExceldata.EditLead"/>
  <testcase name="editLeadGetDataFromExcel" time="31.131" classname="withExceldata.EditLead"/>
</testsuite> <!-- withExceldata.EditLead -->
