<?xml version="1.0" encoding="UTF-8"?>
<!-- Generated by org.testng.reporters.JUnitReportReporter -->
<testsuite skipped="0" hostname="Admin-PC" name="withExceldata.CreateLeadGetDatafromExcel" tests="3" failures="0" timestamp="10 Oct 2017 16:03:30 GMT" time="126.315" errors="0">
  <testcase name="createLead" time="28.155" classname="withExceldata.CreateLeadGetDatafromExcel"/>
  <testcase name="createLead" time="66.788" classname="withExceldata.CreateLeadGetDatafromExcel"/>
  <testcase name="createLead" time="31.372" classname="withExceldata.CreateLeadGetDatafromExcel"/>
</testsuite> <!-- withExceldata.CreateLeadGetDatafromExcel -->
