<?xml version="1.0" encoding="UTF-8"?>
<!-- Generated by org.testng.reporters.JUnitReportReporter -->
<testsuite skipped="0" hostname="Admin-PC" name="leaftaps3000.AggregateWaterfall" tests="1" failures="0" timestamp="23 Oct 2017 17:48:08 GMT" time="29.299" errors="0">
  <testcase name="aggregateWaterfall" time="29.299" classname="leaftaps3000.AggregateWaterfall"/>
</testsuite> <!-- leaftaps3000.AggregateWaterfall -->
