<?xml version="1.0" encoding="UTF-8"?>
<!-- Generated by org.testng.reporters.JUnitReportReporter -->
<testsuite skipped="0" hostname="Admin-PC" name="tests.ParameterSample" tests="1" failures="0" timestamp="09 Oct 2017 14:55:58 GMT" time="41.252" errors="0">
  <testcase name="createLead" time="41.252" classname="tests.ParameterSample"/>
</testsuite> <!-- tests.ParameterSample -->
