<?xml version="1.0" encoding="UTF-8"?>
<!-- Generated by org.testng.reporters.JUnitReportReporter -->
<testsuite skipped="0" hostname="Admin-PC" name="tests.IRCTC_NestedWindows" tests="1" failures="0" timestamp="15 Oct 2017 07:50:11 GMT" time="59.708" errors="0">
  <testcase name="nestingWindows" time="59.708" classname="tests.IRCTC_NestedWindows"/>
</testsuite> <!-- tests.IRCTC_NestedWindows -->
