<?xml version="1.0" encoding="UTF-8"?>
<!-- Generated by org.testng.reporters.JUnitReportReporter -->
<testsuite skipped="0" hostname="Admin-PC" name="leaftaps3000.WindSpeed" tests="1" failures="0" timestamp="23 Oct 2017 12:25:51 GMT" time="15.148" errors="0">
  <testcase name="windSpeedCheck" time="15.148" classname="leaftaps3000.WindSpeed"/>
</testsuite> <!-- leaftaps3000.WindSpeed -->
