<?xml version="1.0" encoding="UTF-8"?>
<!-- Generated by org.testng.reporters.JUnitReportReporter -->
<testsuite skipped="0" hostname="Admin-PC" name="withExceldata.FindLead" tests="2" failures="0" timestamp="10 Oct 2017 16:25:46 GMT" time="178.856" errors="0">
  <testcase name="findLeadgetDatafromExcel" time="42.054" classname="withExceldata.FindLead"/>
  <testcase name="findLeadgetDatafromExcel" time="136.802" classname="withExceldata.FindLead"/>
</testsuite> <!-- withExceldata.FindLead -->
