<?xml version="1.0" encoding="UTF-8"?>
<!-- Generated by org.testng.reporters.JUnitReportReporter -->
<testsuite skipped="0" hostname="Admin-PC" name="tests.FindLead" tests="1" failures="0" timestamp="11 Oct 2017 07:08:29 GMT" time="27.965" errors="0">
  <testcase name="findLead" time="27.965" classname="tests.FindLead"/>
</testsuite> <!-- tests.FindLead -->
