<?xml version="1.0" encoding="UTF-8"?>
<!-- Generated by org.testng.reporters.JUnitReportReporter -->
<testsuite skipped="0" hostname="Admin-PC" name="leaftaps3000.ThreeHoursInterval" tests="1" failures="0" timestamp="23 Oct 2017 08:49:48 GMT" time="35.690" errors="0">
  <testcase name="threehoursIntervalcheck" time="35.690" classname="leaftaps3000.ThreeHoursInterval"/>
</testsuite> <!-- leaftaps3000.ThreeHoursInterval -->
