<?xml version="1.0" encoding="UTF-8"?>
<!-- Generated by org.testng.reporters.JUnitReportReporter -->
<testsuite skipped="0" hostname="Admin-PC" name="tests.CreateLeadGetDatafromExcel" tests="3" failures="0" timestamp="10 Oct 2017 07:44:40 GMT" time="165.249" errors="0">
  <testcase name="createLead" time="62.115" classname="tests.CreateLeadGetDatafromExcel"/>
  <testcase name="createLead" time="78.279" classname="tests.CreateLeadGetDatafromExcel"/>
  <testcase name="createLead" time="24.855" classname="tests.CreateLeadGetDatafromExcel"/>
</testsuite> <!-- tests.CreateLeadGetDatafromExcel -->
