<?xml version="1.0" encoding="UTF-8"?>
<!-- Generated by org.testng.reporters.JUnitReportReporter -->
<testsuite skipped="0" hostname="Admin-PC" name="tests.DeleteLead" tests="1" failures="0" timestamp="08 Oct 2017 17:31:18 GMT" time="52.220" errors="0">
  <testcase name="findLead" time="52.220" classname="tests.DeleteLead"/>
</testsuite> <!-- tests.DeleteLead -->
