<?xml version="1.0" encoding="UTF-8"?>
<!-- Generated by org.testng.reporters.JUnitReportReporter -->
<testsuite skipped="0" hostname="Admin-PC" name="leaftaps3000.MaxTemprature" tests="1" failures="0" timestamp="23 Oct 2017 12:06:29 GMT" time="18.523" errors="0">
  <testcase name="threehoursIntervalcheck" time="18.523" classname="leaftaps3000.MaxTemprature"/>
</testsuite> <!-- leaftaps3000.MaxTemprature -->
