<?xml version="1.0" encoding="UTF-8"?>
<!-- Generated by org.testng.reporters.JUnitReportReporter -->
<testsuite skipped="0" hostname="Admin-PC" name="tests.EditLead" tests="1" failures="0" timestamp="09 Oct 2017 07:25:53 GMT" time="35.092" errors="0">
  <testcase name="findLead" time="35.092" classname="tests.EditLead"/>
</testsuite> <!-- tests.EditLead -->
