<?xml version="1.0" encoding="UTF-8"?>
<!-- Generated by org.testng.reporters.JUnitReportReporter -->
<testsuite skipped="0" hostname="Admin-PC" name="collectionsprograms.mapAssignment" tests="1" failures="0" timestamp="28 Oct 2017 09:45:40 GMT" time="0.030" errors="0">
  <testcase name="checkforrepeatedOccurence" time="0.030" classname="collectionsprograms.mapAssignment"/>
</testsuite> <!-- collectionsprograms.mapAssignment -->
