<?xml version="1.0" encoding="UTF-8"?>
<!-- Generated by org.testng.reporters.JUnitReportReporter -->
<testsuite skipped="0" hostname="Admin-PC" name="interviewQuestionsPractise.PrimeOrnot" tests="1" failures="0" timestamp="25 Oct 2017 06:38:53 GMT" time="0.011" errors="0">
  <testcase name="checkforPrimeNo" time="0.011" classname="interviewQuestionsPractise.PrimeOrnot"/>
</testsuite> <!-- interviewQuestionsPractise.PrimeOrnot -->
