<?xml version="1.0" encoding="UTF-8"?>
<!-- Generated by org.testng.reporters.JUnitReportReporter -->
<testsuite skipped="0" hostname="Admin-PC" name="tests.CountNumberTillPrimeNumberEntered" tests="1" failures="0" timestamp="06 Oct 2017 09:41:53 GMT" time="9.635" errors="0">
  <testcase name="primecheck" time="9.635" classname="tests.CountNumberTillPrimeNumberEntered"/>
</testsuite> <!-- tests.CountNumberTillPrimeNumberEntered -->
