<?xml version="1.0" encoding="UTF-8"?>
<!-- Generated by org.testng.reporters.JUnitReportReporter -->
<testsuite skipped="0" hostname="Admin-PC" name="tests.CreateLeadwithparametrization" tests="4" failures="0" timestamp="09 Oct 2017 07:13:45 GMT" time="120.061" errors="0">
  <testcase name="createLead" time="27.148" classname="tests.CreateLeadwithparametrization"/>
  <testcase name="createLead" time="26.090" classname="tests.CreateLeadwithparametrization"/>
  <testcase name="createLead" time="32.329" classname="tests.CreateLeadwithparametrization"/>
  <testcase name="createLead" time="34.494" classname="tests.CreateLeadwithparametrization"/>
</testsuite> <!-- tests.CreateLeadwithparametrization -->
