<?xml version="1.0" encoding="UTF-8"?>
<!-- Generated by org.testng.reporters.JUnitReportReporter -->
<testsuite skipped="0" hostname="Admin-PC" name="interviewQuestionsPractise.DuplicatesinArray" tests="1" failures="0" timestamp="25 Oct 2017 06:38:53 GMT" time="0.007" errors="0">
  <testcase name="seperateDuplicates" time="0.007" classname="interviewQuestionsPractise.DuplicatesinArray"/>
</testsuite> <!-- interviewQuestionsPractise.DuplicatesinArray -->
