<?xml version="1.0" encoding="UTF-8"?>
<!-- Generated by org.testng.reporters.JUnitReportReporter -->
<testsuite skipped="0" hostname="Admin-PC" name="MyFirstMavenProject.MyFirstMavenProject.Scrolling" tests="1" failures="0" timestamp="26 Oct 2017 06:41:28 GMT" time="75.131" errors="0">
  <testcase name="dynamicSearch" time="75.131" classname="MyFirstMavenProject.MyFirstMavenProject.Scrolling"/>
</testsuite> <!-- MyFirstMavenProject.MyFirstMavenProject.Scrolling -->
