<?xml version="1.0" encoding="UTF-8"?>
<!-- Generated by org.testng.reporters.JUnitReportReporter -->
<testsuite skipped="0" hostname="Admin-PC" name="tests.MergeLead" tests="1" failures="0" timestamp="09 Oct 2017 07:17:37 GMT" time="43.061" errors="0">
  <testcase name="findLead" time="43.061" classname="tests.MergeLead"/>
</testsuite> <!-- tests.MergeLead -->
