<?xml version="1.0" encoding="UTF-8"?>
<!-- Generated by org.testng.reporters.JUnitReportReporter -->
<testsuite skipped="0" hostname="Admin-PC" name="collectionsprograms.GetOccuranceofEachCharacter" tests="1" failures="0" timestamp="28 Oct 2017 09:54:03 GMT" time="0.041" errors="0">
  <testcase name="checkforrepeatedOccurence" time="0.041" classname="collectionsprograms.GetOccuranceofEachCharacter"/>
</testsuite> <!-- collectionsprograms.GetOccuranceofEachCharacter -->
