<?xml version="1.0" encoding="UTF-8"?>
<!-- Generated by org.testng.reporters.JUnitReportReporter -->
<testsuite skipped="0" hostname="Admin-PC" name="sampleReports.ProjectReports" tests="1" failures="0" timestamp="11 Oct 2017 05:16:23 GMT" time="1.616" errors="0">
  <testcase name="projectReports" time="1.616" classname="sampleReports.ProjectReports"/>
</testsuite> <!-- sampleReports.ProjectReports -->
