<?xml version="1.0" encoding="UTF-8"?>
<!-- Generated by org.testng.reporters.JUnitReportReporter -->
<testsuite skipped="0" hostname="Admin-PC" name="tests.Facebook" tests="1" failures="0" timestamp="06 Oct 2017 04:48:53 GMT" time="96.729" errors="0">
  <testcase name="facebookLogin" time="96.729" classname="tests.Facebook"/>
</testsuite> <!-- tests.Facebook -->
