<?xml version="1.0" encoding="UTF-8"?>
<!-- Generated by org.testng.reporters.JUnitReportReporter -->
<testsuite skipped="0" hostname="Admin-PC" name="interviewQuestionsPractise.PalindromeCheck" tests="2" failures="0" timestamp="25 Oct 2017 06:38:53 GMT" time="0.037" errors="0">
  <testcase name="palindromecheckforstring" time="0.006" classname="interviewQuestionsPractise.PalindromeCheck"/>
  <testcase name="ispalindrome" time="0.031" classname="interviewQuestionsPractise.PalindromeCheck"/>
</testsuite> <!-- interviewQuestionsPractise.PalindromeCheck -->
