<?xml version="1.0" encoding="UTF-8"?>
<!-- Generated by org.testng.reporters.JUnitReportReporter -->
<testsuite skipped="0" hostname="Admin-PC" name="collectionsprograms.ArraySort" tests="1" failures="0" timestamp="22 Oct 2017 12:38:00 GMT" time="0.020" errors="0">
  <testcase name="setSort" time="0.020" classname="collectionsprograms.ArraySort"/>
</testsuite> <!-- collectionsprograms.ArraySort -->
